Using pre-set license
Built from '2021.1/release' branch; Version is '2021.1.1f1 (6fdc41dfa55a) revision 7330881'; Using compiler version '192528614'; Build Type 'Release'
OS: 'Windows 10 Home; OS build 19042.867; Version 2009; 64bit' Language: 'en' Physical Memory: 16318 MB
BatchMode: 1, IsHumanControllingUs: 0, StartBugReporterOnCrash: 0, Is64bit: 1, IsPro: 0

 COMMAND LINE ARGUMENTS:
C:\Program Files\unity\2021.1.1f1\Editor\Unity.exe
-adb2
-batchMode
-noUpm
-name
AssetImportWorker0
-projectPath
E:/unity projects/Arknights
-logFile
Logs/AssetImportWorker0.log
-srvPort
13274
Successfully changed project path to: E:/unity projects/Arknights
E:/unity projects/Arknights
Using Asset Import Pipeline V2.
Refreshing native plugins compatible for Editor in 56.63 ms, found 1 plugins.
Preloading 0 native plugins for Editor in 0.00 ms.
Initialize engine version: 2021.1.1f1 (6fdc41dfa55a)
[Subsystems] Discovering subsystems at path C:/Program Files/unity/2021.1.1f1/Editor/Data/Resources/UnitySubsystems
[Subsystems] Discovering subsystems at path E:/unity projects/Arknights/Assets
GfxDevice: creating device client; threaded=0; jobified=0
Direct3D:
    Version:  Direct3D 11.0 [level 11.1]
    Renderer: NVIDIA GeForce GTX 1070 (ID=0x1b81)
    Vendor:   NVIDIA
    VRAM:     8088 MB
    Driver:   27.21.14.6140
Initialize mono
Mono path[0] = 'C:/Program Files/unity/2021.1.1f1/Editor/Data/Managed'
Mono path[1] = 'C:/Program Files/unity/2021.1.1f1/Editor/Data/MonoBleedingEdge/lib/mono/unityjit'
Mono config path = 'C:/Program Files/unity/2021.1.1f1/Editor/Data/MonoBleedingEdge/etc'
Using monoOptions --debugger-agent=transport=dt_socket,embedding=1,server=y,suspend=n,address=127.0.0.1:56084
Begin MonoManager ReloadAssembly
Registering precompiled unity dll's ...
Register platform support module: C:/Program Files/unity/2021.1.1f1/Editor/Data/PlaybackEngines/WebGLSupport/UnityEditor.WebGL.Extensions.dll
Register platform support module: C:/Program Files/unity/2021.1.1f1/Editor/Data/PlaybackEngines/WindowsStandaloneSupport/UnityEditor.WindowsStandalone.Extensions.dll
Registered in 0.001576 seconds.
Native extension for WindowsStandalone target not found
Native extension for WebGL target not found
Refreshing native plugins compatible for Editor in 57.99 ms, found 1 plugins.
Preloading 0 native plugins for Editor in 0.00 ms.
Mono: successfully reloaded assembly
- Completed reload, in  0.997 seconds
Platform modules already initialized, skipping
Registering precompiled user dll's ...
Registered in 0.004045 seconds.
Begin MonoManager ReloadAssembly
Native extension for WindowsStandalone target not found
Native extension for WebGL target not found
Refreshing native plugins compatible for Editor in 0.41 ms, found 1 plugins.
Preloading 0 native plugins for Editor in 0.00 ms.
Mono: successfully reloaded assembly
- Completed reload, in  0.747 seconds
Platform modules already initialized, skipping
========================================================================
Worker process is ready to serve import requests
Launched and connected shader compiler UnityShaderCompiler.exe after 0.03 seconds
Refreshing native plugins compatible for Editor in 0.41 ms, found 1 plugins.
Preloading 0 native plugins for Editor in 0.00 ms.
Unloading 2672 Unused Serialized files (Serialized files now loaded: 0)
System memory in use before: 100.7 MB.
System memory in use after: 100.8 MB.

Unloading 15 unused Assets to reduce memory usage. Loaded Objects now: 3124.
Total: 1.860300 ms (FindLiveObjects: 0.234100 ms CreateObjectMapping: 0.164400 ms MarkObjects: 1.406800 ms  DeleteObjects: 0.054300 ms)

========================================================================
Received Import Request.
  path: Assets/Scripts/BattleGridsGen.cs
  artifactKey: Guid(4af852e08c24fed4eb47708c711db1cd) Importer(815301076,1909f56bfc062723c751e8b465ee728b)
Start importing Assets/Scripts/BattleGridsGen.cs using Guid(4af852e08c24fed4eb47708c711db1cd) Importer(815301076,1909f56bfc062723c751e8b465ee728b)  -> (artifact id: '08fb8adc2e91903d85f2600b1f6d9848') in 0.028136 seconds 
========================================================================
Received Import Request.
  Time since last request: 0.400805 seconds.
  path: Assets/Scripts/LevelDesign.cs
  artifactKey: Guid(21fae57c45c64174c9fabbd8a054c074) Importer(815301076,1909f56bfc062723c751e8b465ee728b)
Start importing Assets/Scripts/LevelDesign.cs using Guid(21fae57c45c64174c9fabbd8a054c074) Importer(815301076,1909f56bfc062723c751e8b465ee728b)  -> (artifact id: '3f8108569d647c2daf176f08e89d6bde') in 0.009317 seconds 
========================================================================
Received Import Request.
  Time since last request: 102.284366 seconds.
  path: Assets/Scripts/BattleGridsGen.cs
  artifactKey: Guid(4af852e08c24fed4eb47708c711db1cd) Importer(815301076,1909f56bfc062723c751e8b465ee728b)
Start importing Assets/Scripts/BattleGridsGen.cs using Guid(4af852e08c24fed4eb47708c711db1cd) Importer(815301076,1909f56bfc062723c751e8b465ee728b)  -> (artifact id: '7ae9d19f4629d2c72a98c998ee190977') in 0.006538 seconds 
========================================================================
Received Import Request.
  Time since last request: 163.565105 seconds.
  path: Assets/Scripts/BattleGridsGen.cs
  artifactKey: Guid(4af852e08c24fed4eb47708c711db1cd) Importer(815301076,1909f56bfc062723c751e8b465ee728b)
Start importing Assets/Scripts/BattleGridsGen.cs using Guid(4af852e08c24fed4eb47708c711db1cd) Importer(815301076,1909f56bfc062723c751e8b465ee728b)  -> (artifact id: '2d7f2096f280d683f65aeb72354818db') in 0.006379 seconds 
========================================================================
Received Prepare
Registering precompiled user dll's ...
Registered in 0.003550 seconds.
Begin MonoManager ReloadAssembly
Native extension for WindowsStandalone target not found
Native extension for WebGL target not found
Refreshing native plugins compatible for Editor in 0.43 ms, found 1 plugins.
Preloading 0 native plugins for Editor in 0.00 ms.
Mono: successfully reloaded assembly
- Completed reload, in  0.716 seconds
Platform modules already initialized, skipping
Refreshing native plugins compatible for Editor in 0.41 ms, found 1 plugins.
Preloading 0 native plugins for Editor in 0.00 ms.
Unloading 2667 Unused Serialized files (Serialized files now loaded: 0)
System memory in use before: 100.6 MB.
System memory in use after: 100.8 MB.

Unloading 10 unused Assets to reduce memory usage. Loaded Objects now: 3127.
Total: 1.696000 ms (FindLiveObjects: 0.212500 ms CreateObjectMapping: 0.131900 ms MarkObjects: 1.314200 ms  DeleteObjects: 0.036400 ms)

========================================================================
Received Prepare
Registering precompiled user dll's ...
Registered in 0.003497 seconds.
Begin MonoManager ReloadAssembly
Native extension for WindowsStandalone target not found
Native extension for WebGL target not found
Refreshing native plugins compatible for Editor in 0.50 ms, found 1 plugins.
Preloading 0 native plugins for Editor in 0.00 ms.
Mono: successfully reloaded assembly
- Completed reload, in  0.742 seconds
Platform modules already initialized, skipping
Refreshing native plugins compatible for Editor in 0.41 ms, found 1 plugins.
Preloading 0 native plugins for Editor in 0.00 ms.
Unloading 2667 Unused Serialized files (Serialized files now loaded: 0)
System memory in use before: 100.7 MB.
System memory in use after: 100.9 MB.

Unloading 10 unused Assets to reduce memory usage. Loaded Objects now: 3130.
Total: 1.635300 ms (FindLiveObjects: 0.195600 ms CreateObjectMapping: 0.106000 ms MarkObjects: 1.294600 ms  DeleteObjects: 0.038200 ms)

========================================================================
Received Prepare
Registering precompiled user dll's ...
Registered in 0.003512 seconds.
Begin MonoManager ReloadAssembly
Native extension for WindowsStandalone target not found
Native extension for WebGL target not found
Refreshing native plugins compatible for Editor in 0.44 ms, found 1 plugins.
Preloading 0 native plugins for Editor in 0.00 ms.
Mono: successfully reloaded assembly
- Completed reload, in  0.724 seconds
Platform modules already initialized, skipping
Refreshing native plugins compatible for Editor in 0.41 ms, found 1 plugins.
Preloading 0 native plugins for Editor in 0.00 ms.
Unloading 2667 Unused Serialized files (Serialized files now loaded: 0)
System memory in use before: 100.7 MB.
System memory in use after: 100.9 MB.

Unloading 10 unused Assets to reduce memory usage. Loaded Objects now: 3133.
Total: 1.713900 ms (FindLiveObjects: 0.205800 ms CreateObjectMapping: 0.114600 ms MarkObjects: 1.351400 ms  DeleteObjects: 0.040700 ms)

========================================================================
Received Import Request.
  Time since last request: 1030.901546 seconds.
  path: Assets/Scripts/BattleGridsGen.cs
  artifactKey: Guid(4af852e08c24fed4eb47708c711db1cd) Importer(815301076,1909f56bfc062723c751e8b465ee728b)
Start importing Assets/Scripts/BattleGridsGen.cs using Guid(4af852e08c24fed4eb47708c711db1cd) Importer(815301076,1909f56bfc062723c751e8b465ee728b)  -> (artifact id: '243db4a2f1909aefcec8aa8bce338b93') in 0.010699 seconds 
AssetImportWorkerClient::OnTransportError - code=2 error=End of file
